<?xml version="1.0" encoding="UTF-8" ?>
<testsuites errors="1"
            failures="2"
            tests="3">

  <testsuite name="RegisterTest"
    errors="1" failures="2" hostname="" id="" package="RegisterTest" skipped="1"
    tests="3" time="29.58" timestamp="">
  
    <testcase name="Register test" classname="RegisterTest" time="9.631" assertions="4">

    

    

      <failure message="Testing if the URL contains &#39;http://localhost:4200/login&#39; in 5000ms - expected &#34;contains &#39;http://localhost:4200/login&#39;&#34; but got: &#34;http://localhost:4200/register#/&#34; (5273ms)">    at Object.Register test (C:\Users\Emre\frontend-individueel\tests\RegisterTest.js:15:21)
    at processTicksAndRejections (internal/process/task_queues.js:97:5)</failure>

    
    </testcase>
  
    <testcase name="Register validation test api username taken" classname="RegisterTest" time="8.558" assertions="5">

    

    

    

    

    
    </testcase>
  
    <testcase name="Register validation test api email used" classname="RegisterTest" time="11.39" assertions="4">

    

    

      <failure message="Testing if element &lt;.error&gt; contains text &#39;Email is already taken.&#39; in 5000ms - expected &#34;contains text &#39;Email is already taken.&#39;&#34; but got: &#34;element could not be located&#34; (5144ms)">    at Object.Register validation test api email used (C:\Users\Emre\frontend-individueel\tests\RegisterTest.js:50:21)
    at runMicrotasks (&lt;anonymous&gt;)</failure>

    
    <error message="Error while running &#34;containsText&#34; command: Testing if element [0;33m&lt;.error&gt;[0m contains text [0;33m&#39;Email is already taken.&#39;[0m in 5000ms - expected [0;32m&#34;contains text &#39;Email is already taken.&#39;&#34;[0m but got: [0;31m&#34;element could not be located&#34;[0m [0;90m(5144ms)[0m" type="error"><![CDATA[
        at Object.Register validation test api email used (C:\Users\Emre\frontend-individueel\tests\RegisterTest.js:50:21)
    at runMicrotasks (&lt;anonymous&gt;)
    ]]></error>
    
    </testcase>
  

  
    <system-err>
        NoSuchElementError: An error occurred while running .getText() command on &lt;.error&gt;: 
   {&#34;value&#34;:[]}
       at runMicrotasks (&lt;anonymous&gt;)
       at processTicksAndRejections (internal/process/task_queues.js:97:5)
    </system-err>
  

    

  
    
    <testcase
      name="Register validation test api invalid input" classname="RegisterTest">
      <skipped />
    </testcase>
    
  
  </testsuite>
</testsuites>
